C51 COMPILER V9.56.0.0   24CXX                                                             10/08/2016 23:29:17 PAGE 1   


C51 COMPILER V9.56.0.0, COMPILATION OF MODULE 24CXX
OBJECT MODULE PLACED IN 24cxx.obj
COMPILER INVOKED BY: C:\Keil_v5\C51\BIN\C51.EXE 24cxx\24cxx.c OPTIMIZE(8,SPEED) BROWSE DEBUG OBJECTEXTEND PRINT(.\24cxx.
                    -lst) TABS(2) OBJECT(24cxx.obj)

line level    source

   1          #include "24cxx.h"
   2          void EEP_24CXX_Init() {
   3   1       I2C_Init();
   4   1      }
   5          unsigned char EEP_24CXX_Read(unsigned char address) {
   6   1       bit AckTemp = 1;
   7   1       unsigned char Data;
   8   1       I2C_Start();
   9   1       I2C_Write(0xa0);
  10   1       AckTemp = I2C_CheckAck();
  11   1       I2C_Write(address);
  12   1       AckTemp = I2C_CheckAck();
  13   1       I2C_Start();
  14   1       I2C_Write(0xa1);
  15   1       AckTemp = I2C_CheckAck();
  16   1       Data = I2C_Read();
  17   1       AckTemp = I2C_CheckAck();
  18   1       I2C_Stop();
  19   1       return Data;
  20   1      }
  21          void EEP_24CXX_Write(unsigned char address, unsigned char Data) {
  22   1       bit AckTemp = 1;
  23   1       I2C_Start();
  24   1       I2C_Write(0xa0);
  25   1       AckTemp = I2C_CheckAck();
  26   1       I2C_Write(address);
  27   1       AckTemp = I2C_CheckAck();
  28   1       I2C_Write(Data);
  29   1       AckTemp = I2C_CheckAck();
  30   1       I2C_Stop();
  31   1      }
  32          void EEP_24CXX_WriteS(unsigned char address, unsigned char * s) {
  33   1       while ( * s) {
  34   2        EEP_24CXX_Write(address++, * s);
  35   2        s++;
  36   2       }
  37   1      }
  38          void EEPROM_24CXX_ReadS(unsigned char address, unsigned char lenght, unsigned char * s) {
  39   1       unsigned char i = 0;
  40   1       while (lenght) {
  41   2        if (EEP_24CXX_Read(address) != 255) {
  42   3         s[i++] = EEP_24CXX_Read(address);
  43   3        }
  44   2        address++;
  45   2        lenght--;
  46   2      
  47   2       }
  48   1       s[++i] = 0;
  49   1      }


MODULE INFORMATION:   STATIC OVERLAYABLE
   CODE SIZE        =    237    ----
   CONSTANT SIZE    =   ----    ----
C51 COMPILER V9.56.0.0   24CXX                                                             10/08/2016 23:29:17 PAGE 2   

   XDATA SIZE       =   ----    ----
   PDATA SIZE       =   ----    ----
   DATA SIZE        =   ----      14
   IDATA SIZE       =   ----    ----
   BIT SIZE         =   ----       2
END OF MODULE INFORMATION.


C51 COMPILATION COMPLETE.  0 WARNING(S),  0 ERROR(S)
