C51 COMPILER V9.56.0.0   DS1307                                                            10/08/2016 23:29:17 PAGE 1   


C51 COMPILER V9.56.0.0, COMPILATION OF MODULE DS1307
OBJECT MODULE PLACED IN DS1307.obj
COMPILER INVOKED BY: C:\Keil_v5\C51\BIN\C51.EXE DS1307\DS1307.c OPTIMIZE(8,SPEED) BROWSE DEBUG OBJECTEXTEND PRINT(.\DS13
                    -07.lst) TABS(2) OBJECT(DS1307.obj)

line level    source

   1          #include "DS1307/DS1307.h"
   2          
   3          /****************Cac ham giao tiep I2C***************************/
   4          void I2C_time_start() {
   5   1       SCL_t = 1;
   6   1       SDA_t = 1;
   7   1       SDA_t = 0;
   8   1       SCL_t = 0;
   9   1      }
  10          void I2C_time_stop() {
  11   1       SCL_t = 1;
  12   1       SDA_t = 0;
  13   1       SDA_t = 1;
  14   1       SCL_t = 1;
  15   1      }
  16          unsigned char I2C_write_t(unsigned char dat) {
  17   1       unsigned char i;
  18   1       for (i = 0; i < 8; i++) {
  19   2        SDA_t = (dat & 0x80); ///? 1:0;
  20   2        SCL_t = 1;
  21   2        SCL_t = 0;
  22   2        dat <<= 1;
  23   2       }
  24   1       SCL_t = 1;
  25   1       SCL_t = 0;
  26   1       return dat;
  27   1      }
  28          unsigned char I2C_read_t(void) {
  29   1       bit rd_bit;
  30   1       unsigned char i, dat;
  31   1       dat = 0x00;
  32   1       for (i = 0; i < 8; i++) { /* For loop read data 1 byte */
  33   2        SCL_t = 1;
  34   2        rd_bit = SDA_t; /* Keep for check acknowledge */
  35   2        dat = dat << 1;
  36   2        dat = dat | rd_bit; /* Keep bit data in dat */
  37   2        SCL_t = 0; /* Clear SCL_t */
  38   2       }
  39   1       return dat;
  40   1      }
  41          
  42          
  43          void DS1307_Write(unsigned char addr, unsigned char dat) {
  44   1       unsigned int temp;
  45   1       temp = dat; /*HEX to BCD*/
  46   1       dat = (((dat / 10) * 16) | (temp % 10)); /*for Led 7seg*/
  47   1       I2C_time_start(); /* time_start i2c bus */
  48   1       I2C_write_t(0XD0); /* Connect to DS1307 */
  49   1       I2C_write_t(addr); /* Requetime_5 RAM address on DS1307 */
  50   1       I2C_write_t(dat);
  51   1       I2C_time_stop();
  52   1      }
  53          unsigned char DS1307_Read(unsigned char addr) {
  54   1       unsigned int tm, ret;
C51 COMPILER V9.56.0.0   DS1307                                                            10/08/2016 23:29:17 PAGE 2   

  55   1       I2C_time_start(); /* time_start i2c bus */
  56   1       I2C_write_t(0xD0); /* Connect to DS1307 */
  57   1       I2C_write_t(addr); /* Requetime_5 RAM address on DS1307 */
  58   1       I2C_time_start(); /* time_start i2c bus */
  59   1       I2C_write_t(0XD1); /* Connect to DS1307 for Read */
  60   1       ret = I2C_read_t(); /* Receive data */
  61   1       I2C_time_stop();
  62   1       tm = ret; /*BCD to HEX*/
  63   1       ret = (((ret / 16) * 10) + (tm & 0x0f)); /*for Led 7seg*/
  64   1       return ret;
  65   1      }


MODULE INFORMATION:   STATIC OVERLAYABLE
   CODE SIZE        =    173    ----
   CONSTANT SIZE    =   ----    ----
   XDATA SIZE       =   ----    ----
   PDATA SIZE       =   ----    ----
   DATA SIZE        =   ----    ----
   IDATA SIZE       =   ----    ----
   BIT SIZE         =   ----       1
END OF MODULE INFORMATION.


C51 COMPILATION COMPLETE.  0 WARNING(S),  0 ERROR(S)
