C51 COMPILER V9.56.0.0   I2C                                                               10/08/2016 23:29:17 PAGE 1   


C51 COMPILER V9.56.0.0, COMPILATION OF MODULE I2C
OBJECT MODULE PLACED IN i2c.obj
COMPILER INVOKED BY: C:\Keil_v5\C51\BIN\C51.EXE i2c\i2c.c OPTIMIZE(8,SPEED) BROWSE DEBUG OBJECTEXTEND PRINT(.\i2c.lst) T
                    -ABS(2) OBJECT(i2c.obj)

line level    source

   1          #include "i2c.h"
   2          void I2C_Delay(unsigned int time)
   3          {
   4   1        while(time)
   5   1        time--;
   6   1      }
   7          void I2C_Init()
   8          {
   9   1        SCL=1;
  10   1        I2C_Delay(I2C_DELAY);
  11   1        SDA=1;
  12   1        I2C_Delay(I2C_DELAY);
  13   1      }
  14          void I2C_Start()
  15          {
  16   1        SDA=1; 
  17   1          SCL=1; 
  18   1          I2C_Delay(I2C_DELAY);
  19   1          SDA=0; 
  20   1          I2C_Delay(I2C_DELAY);
  21   1          SCL=0;
  22   1          I2C_Delay(I2C_DELAY);
  23   1      }
  24          void I2C_Stop()
  25          { 
  26   1        SDA=0;
  27   1          SCL=1;
  28   1          I2C_Delay(I2C_DELAY);
  29   1          SDA=1;
  30   1          I2C_Delay(I2C_DELAY);
  31   1          SCL=0;
  32   1          I2C_Delay(I2C_DELAY);
  33   1      }
  34          unsigned char I2C_CheckAck(void)
  35          {
  36   1        unsigned char ack=0;
  37   1          SDA=1;
  38   1          SCL=1;
  39   1          I2C_Delay(I2C_DELAY/2);
  40   1          ack=SDA;
  41   1          I2C_Delay(I2C_DELAY/2);
  42   1          SCL=0;
  43   1          I2C_Delay(I2C_DELAY);
  44   1          if(ack==1) return 0; 
  45   1          return 1;
  46   1      }
  47          void I2C_Write(unsigned char Data)
  48          {
  49   1      unsigned char i;
  50   1          for(i=0;i<8;i++)
  51   1          {
  52   2            SDA=((Data<<i)&0x80);
  53   2          SCL=1;
  54   2          I2C_Delay(I2C_DELAY);
C51 COMPILER V9.56.0.0   I2C                                                               10/08/2016 23:29:17 PAGE 2   

  55   2          SCL=0;
  56   2          I2C_Delay(I2C_DELAY);
  57   2        }
  58   1      }
  59          unsigned char I2C_Read(void)
  60          {
  61   1          unsigned char I2C_data=0,i,temp;
  62   1          for(i=0;i<8;i++)
  63   1          {
  64   2            SDA=1;    
  65   2              SCL=1;    
  66   2              I2C_Delay(120);
  67   2              temp=SDA;
  68   2              I2C_Delay(120);
  69   2              SCL=0;
  70   2              if(temp==1)
  71   2              {
  72   3                I2C_data=I2C_data<<1;
  73   3                I2C_data=I2C_data|0x01;
  74   3              }
  75   2              else
  76   2                I2C_data=I2C_data<<1;
  77   2          }
  78   1          return I2C_data;
  79   1      }


MODULE INFORMATION:   STATIC OVERLAYABLE
   CODE SIZE        =    189    ----
   CONSTANT SIZE    =   ----    ----
   XDATA SIZE       =   ----    ----
   PDATA SIZE       =   ----    ----
   DATA SIZE        =   ----    ----
   IDATA SIZE       =   ----    ----
   BIT SIZE         =   ----    ----
END OF MODULE INFORMATION.


C51 COMPILATION COMPLETE.  0 WARNING(S),  0 ERROR(S)
