C51 COMPILER V9.56.0.0   MAIN                                                              10/27/2016 19:02:22 PAGE 1   


C51 COMPILER V9.56.0.0, COMPILATION OF MODULE MAIN
OBJECT MODULE PLACED IN main.OBJ
COMPILER INVOKED BY: C:\Keil_v5\C51\BIN\C51.EXE main.c OPTIMIZE(8,SPEED) BROWSE DEBUG OBJECTEXTEND TABS(2)

line level    source

   1          #include "main.h"
   2          #include "lock/lock.h"
   3          
   4          /*********************************MAIN PROGRAM***********************************/
   5          void main() {
   6   1      
   7   1       unsigned char i;
   8   1       unsigned char stt = 0, kt = 0;
   9   1       unsigned char dem;
  10   1       LCD_init();
  11   1      
  12   1       EEP_24CXX_Init();
  13   1       BUZZER = 0;
  14   1       Tb_A = 0;
  15   1       screen:
  16   1        screen_time();
  17   1       lcd_custom_char(0, Character2);
  18   1       lcd_custom_char(2, Character1);
  19   1       lcd_custom_char(3, ok);
  20   1       strcpy(pass, ' ');
  21   1       EEPROM_24CXX_ReadS(0x00, 8, pass);
  22   1       newcode();
  23   1       while (1) {
  24   2        dem = 4;
  25   2        Repass:
  26   2         LCD_Clear();
  27   2        LCD_putstr("Enter password:");
  28   2        if (stt == 0) {
  29   3         lcd_custom_char(1, icon[dem--]);
  30   3        }
  31   2        for (i = 0; i < 8; i++) {
  32   3         LCDcursorxy(2, 5 + i);
  33   3         LCDWriteData(0x00);
  34   3        }
  35   2        LCDcursorxy(2, 16);
  36   2        LCDWriteData(0x01);
  37   2        LCDcursorxy(2, 5);
  38   2        if (getinput(8, 0) == 1) goto screen;
  39   2      
  40   2        if (check(input, pass, 8) == 1) {
  41   3         LCD_Clear();
  42   3         LCDWriteData(0x03);
  43   3         LCD_putstr(" Unlock device");
  44   3         delay_ms(1000);
  45   3         if (menu() == 1) {
  46   4          dem = 4;
  47   4          goto Repass;
  48   4         }
  49   3         stt = 1;
  50   3         while (1);
  51   3        } else {
  52   3         LCD_Clear();
  53   3         LCD_putstr("Pass not true!!!");
  54   3         buzzers(3);
  55   3         if (dem == -1 && kt == 1) {
C51 COMPILER V9.56.0.0   MAIN                                                              10/27/2016 19:02:22 PAGE 2   

  56   4          LCD_Clear();
  57   4          while (1) {
  58   5           LCD_putstr("Warning ");
  59   5           LCDWriteData(0x02);
  60   5           LCDcursorxy(1, 1);
  61   5           BUZZER = 1;
  62   5          }
  63   4         }
  64   3         if (dem == -1 && kt == 0) {
  65   4          LCD_Clear();
  66   4          LCD_putstr("Wait to retype:");
  67   4      
  68   4          for (i = 30; i > 0; i--) {
  69   5           itoa(i, x);
  70   5           LCDcursorxy(2, 8);
  71   5           LCD_putstr(x);
  72   5           delay_ms(1000);
  73   5          }
  74   4      
  75   4          kt = 1;
  76   4          dem = 4;
  77   4         }
  78   3         LCD_Clear();
  79   3         goto Repass;
  80   3        }
  81   2       }
  82   1      }


MODULE INFORMATION:   STATIC OVERLAYABLE
   CODE SIZE        =   5041    ----
   CONSTANT SIZE    =    546    ----
   XDATA SIZE       =   ----    ----
   PDATA SIZE       =   ----    ----
   DATA SIZE        =     58      45
   IDATA SIZE       =   ----    ----
   BIT SIZE         =   ----    ----
END OF MODULE INFORMATION.


C51 COMPILATION COMPLETE.  0 WARNING(S),  0 ERROR(S)
